Determining if the pthread_create exist failed with the following output:
Change Dir: /home/justin/catkin_ws/src/offloadable_face_recognition/CMakeFiles/CMakeTmp

Run Build Command:/usr/bin/make "cmTryCompileExec799942237/fast"
/usr/bin/make -f CMakeFiles/cmTryCompileExec799942237.dir/build.make CMakeFiles/cmTryCompileExec799942237.dir/build
make[1]: Entering directory `/home/justin/catkin_ws/src/offloadable_face_recognition/CMakeFiles/CMakeTmp'
/usr/bin/cmake -E cmake_progress_report /home/justin/catkin_ws/src/offloadable_face_recognition/CMakeFiles/CMakeTmp/CMakeFiles 1
Building C object CMakeFiles/cmTryCompileExec799942237.dir/CheckSymbolExists.c.o
/usr/bin/cc    -o CMakeFiles/cmTryCompileExec799942237.dir/CheckSymbolExists.c.o   -c /home/justin/catkin_ws/src/offloadable_face_recognition/CMakeFiles/CMakeTmp/CheckSymbolExists.c
Linking C executable cmTryCompileExec799942237
/usr/bin/cmake -E cmake_link_script CMakeFiles/cmTryCompileExec799942237.dir/link.txt --verbose=1
/usr/bin/cc       CMakeFiles/cmTryCompileExec799942237.dir/CheckSymbolExists.c.o  -o cmTryCompileExec799942237 -rdynamic 
CMakeFiles/cmTryCompileExec799942237.dir/CheckSymbolExists.c.o: In function `main':
CheckSymbolExists.c:(.text+0x16): undefined reference to `pthread_create'
collect2: error: ld returned 1 exit status
make[1]: *** [cmTryCompileExec799942237] Error 1
make[1]: Leaving directory `/home/justin/catkin_ws/src/offloadable_face_recognition/CMakeFiles/CMakeTmp'
make: *** [cmTryCompileExec799942237/fast] Error 2

File /home/justin/catkin_ws/src/offloadable_face_recognition/CMakeFiles/CMakeTmp/CheckSymbolExists.c:
/* */
#include <pthread.h>

int main(int argc, char** argv)
{
  (void)argv;
#ifndef pthread_create
  return ((int*)(&pthread_create))[argc];
#else
  (void)argc;
  return 0;
#endif
}

Determining if the function pthread_create exists in the pthreads failed with the following output:
Change Dir: /home/justin/catkin_ws/src/offloadable_face_recognition/CMakeFiles/CMakeTmp

Run Build Command:/usr/bin/make "cmTryCompileExec3868402082/fast"
/usr/bin/make -f CMakeFiles/cmTryCompileExec3868402082.dir/build.make CMakeFiles/cmTryCompileExec3868402082.dir/build
make[1]: Entering directory `/home/justin/catkin_ws/src/offloadable_face_recognition/CMakeFiles/CMakeTmp'
/usr/bin/cmake -E cmake_progress_report /home/justin/catkin_ws/src/offloadable_face_recognition/CMakeFiles/CMakeTmp/CMakeFiles 1
Building C object CMakeFiles/cmTryCompileExec3868402082.dir/CheckFunctionExists.c.o
/usr/bin/cc   -DCHECK_FUNCTION_EXISTS=pthread_create   -o CMakeFiles/cmTryCompileExec3868402082.dir/CheckFunctionExists.c.o   -c /usr/share/cmake-2.8/Modules/CheckFunctionExists.c
Linking C executable cmTryCompileExec3868402082
/usr/bin/cmake -E cmake_link_script CMakeFiles/cmTryCompileExec3868402082.dir/link.txt --verbose=1
/usr/bin/cc   -DCHECK_FUNCTION_EXISTS=pthread_create    CMakeFiles/cmTryCompileExec3868402082.dir/CheckFunctionExists.c.o  -o cmTryCompileExec3868402082 -rdynamic -lpthreads 
/usr/bin/ld: cannot find -lpthreads
collect2: error: ld returned 1 exit status
make[1]: *** [cmTryCompileExec3868402082] Error 1
make[1]: Leaving directory `/home/justin/catkin_ws/src/offloadable_face_recognition/CMakeFiles/CMakeTmp'
make: *** [cmTryCompileExec3868402082/fast] Error 2


